The system is: Windows - 10.0.22000 - AMD64
Compiling the C compiler identification source file "CMakeCCompilerId.c" succeeded.
Compiler: C:/Program Files/Microsoft Visual Studio/2022/Preview/VC/Tools/MSVC/14.30.30423/bin/Hostx64/x64/cl.exe 
Build flags: 
Id flags:  

The output was:
0
Microsoft (R) C/C++ Optimizing Compiler Version 19.30.30423 for x64
Copyright (C) Microsoft Corporation.  All rights reserved.

CMakeCCompilerId.c
Microsoft (R) Incremental Linker Version 14.30.30423.0
Copyright (C) Microsoft Corporation.  All rights reserved.

/out:CMakeCCompilerId.exe 
CMakeCCompilerId.obj 


Compilation of the C compiler identification source "CMakeCCompilerId.c" produced "CMakeCCompilerId.exe"

Compilation of the C compiler identification source "CMakeCCompilerId.c" produced "CMakeCCompilerId.obj"

The C compiler identification is MSVC, found in "C:/Users/marce/UFRGS/pbd/out/build/x64-Debug/CMakeFiles/3.20.21032501-MSVC_2/CompilerIdC/CMakeCCompilerId.exe"

Compiling the CXX compiler identification source file "CMakeCXXCompilerId.cpp" succeeded.
Compiler: C:/Program Files/Microsoft Visual Studio/2022/Preview/VC/Tools/MSVC/14.30.30423/bin/Hostx64/x64/cl.exe 
Build flags: 
Id flags:  

The output was:
0
Microsoft (R) C/C++ Optimizing Compiler Version 19.30.30423 for x64
Copyright (C) Microsoft Corporation.  All rights reserved.

CMakeCXXCompilerId.cpp
Microsoft (R) Incremental Linker Version 14.30.30423.0
Copyright (C) Microsoft Corporation.  All rights reserved.

/out:CMakeCXXCompilerId.exe 
CMakeCXXCompilerId.obj 


Compilation of the CXX compiler identification source "CMakeCXXCompilerId.cpp" produced "CMakeCXXCompilerId.exe"

Compilation of the CXX compiler identification source "CMakeCXXCompilerId.cpp" produced "CMakeCXXCompilerId.obj"

The CXX compiler identification is MSVC, found in "C:/Users/marce/UFRGS/pbd/out/build/x64-Debug/CMakeFiles/3.20.21032501-MSVC_2/CompilerIdCXX/CMakeCXXCompilerId.exe"

Detecting C compiler ABI info compiled with the following output:
Change Dir: C:/Users/marce/UFRGS/pbd/out/build/x64-Debug/CMakeFiles/CMakeTmp

Run Build Command(s):C:/Program Files/Microsoft Visual Studio/2022/Preview/Common7/IDE/CommonExtensions/Microsoft/CMake/Ninja/ninja.exe cmTC_c68a0 && [1/2] Building C object CMakeFiles\cmTC_c68a0.dir\CMakeCCompilerABI.c.obj
[2/2] Linking C executable cmTC_c68a0.exe



Detecting CXX compiler ABI info compiled with the following output:
Change Dir: C:/Users/marce/UFRGS/pbd/out/build/x64-Debug/CMakeFiles/CMakeTmp

Run Build Command(s):C:/Program Files/Microsoft Visual Studio/2022/Preview/Common7/IDE/CommonExtensions/Microsoft/CMake/Ninja/ninja.exe cmTC_85d17 && [1/2] Building CXX object CMakeFiles\cmTC_85d17.dir\CMakeCXXCompilerABI.cpp.obj
[2/2] Linking CXX executable cmTC_85d17.exe



Performing C++ SOURCE FILE Test standard_math_library_linked_to_automatically succeeded with the following output:
Change Dir: C:/Users/marce/UFRGS/pbd/out/build/x64-Debug/CMakeFiles/CMakeTmp

Run Build Command(s):C:/Program Files/Microsoft Visual Studio/2022/Preview/Common7/IDE/CommonExtensions/Microsoft/CMake/Ninja/ninja.exe cmTC_9da2d && [1/2] Building CXX object CMakeFiles\cmTC_9da2d.dir\src.cxx.obj
[2/2] Linking CXX executable cmTC_9da2d.exe


Source file was:

#include<cmath>
int main(int argc, char **){
  return int(std::sin(double(argc)) + std::log(double(argc)));
}
Performing C++ SOURCE FILE Test COMPILER_SUPPORT_OPENMP succeeded with the following output:
Change Dir: C:/Users/marce/UFRGS/pbd/out/build/x64-Debug/CMakeFiles/CMakeTmp

Run Build Command(s):C:/Program Files/Microsoft Visual Studio/2022/Preview/Common7/IDE/CommonExtensions/Microsoft/CMake/Ninja/ninja.exe cmTC_6011e && [1/2] Building CXX object CMakeFiles\cmTC_6011e.dir\src.cxx.obj
[2/2] Linking CXX executable cmTC_6011e.exe


Source file was:
int main() { return 0; }
Performing C++ SOURCE FILE Test COMPILER_SUPPORT_FPFAST succeeded with the following output:
Change Dir: C:/Users/marce/UFRGS/pbd/out/build/x64-Debug/CMakeFiles/CMakeTmp

Run Build Command(s):C:/Program Files/Microsoft Visual Studio/2022/Preview/Common7/IDE/CommonExtensions/Microsoft/CMake/Ninja/ninja.exe cmTC_e8758 && [1/2] Building CXX object CMakeFiles\cmTC_e8758.dir\src.cxx.obj
[2/2] Linking CXX executable cmTC_e8758.exe


Source file was:
int main() { return 0; }
