Determining if the include file pthread.h exists failed with the following output:
Change Dir: C:/Users/marce/UFRGS/pbd/out/build/x64-Release/CMakeFiles/CMakeTmp

Run Build Command(s):C:/Program Files/Microsoft Visual Studio/2022/Preview/Common7/IDE/CommonExtensions/Microsoft/CMake/Ninja/ninja.exe cmTC_a2ed6 && [1/2] Building C object CMakeFiles\cmTC_a2ed6.dir\CheckIncludeFile.c.obj
FAILED: CMakeFiles/cmTC_a2ed6.dir/CheckIncludeFile.c.obj 
C:\PROGRA~1\MICROS~4\2022\Preview\VC\Tools\MSVC\1430~1.304\bin\Hostx64\x64\cl.exe  /nologo   /DWIN32 /D_WINDOWS /W3  /MDd /Zi /Ob0 /Od /RTC1 /showIncludes /FoCMakeFiles\cmTC_a2ed6.dir\CheckIncludeFile.c.obj /FdCMakeFiles\cmTC_a2ed6.dir\ /FS -c CheckIncludeFile.c
CheckIncludeFile.c(1): fatal error C1083: Cannot open include file: 'pthread.h': No such file or directory
ninja: build stopped: subcommand failed.



Performing C++ SOURCE FILE Test EIGEN_COMPILER_SUPPORT_CPP11 failed with the following output:
Change Dir: C:/Users/marce/UFRGS/pbd/out/build/x64-Release/CMakeFiles/CMakeTmp

Run Build Command(s):C:/Program Files/Microsoft Visual Studio/2022/Preview/Common7/IDE/CommonExtensions/Microsoft/CMake/Ninja/ninja.exe cmTC_a1b6a && [1/2] Building CXX object CMakeFiles\cmTC_a1b6a.dir\src.cxx.obj
cl : Command line warning D9002 : ignoring unknown option '-std=c++11'
[2/2] Linking CXX executable cmTC_a1b6a.exe


Source file was:
int main() { return 0; }
Performing C++ SOURCE FILE Test COMPILER_SUPPORT_std=cpp03 failed with the following output:
Change Dir: C:/Users/marce/UFRGS/pbd/out/build/x64-Release/CMakeFiles/CMakeTmp

Run Build Command(s):C:/Program Files/Microsoft Visual Studio/2022/Preview/Common7/IDE/CommonExtensions/Microsoft/CMake/Ninja/ninja.exe cmTC_47841 && [1/2] Building CXX object CMakeFiles\cmTC_47841.dir\src.cxx.obj
cl : Command line warning D9002 : ignoring unknown option '-std=c++03'
[2/2] Linking CXX executable cmTC_47841.exe


Source file was:
int main() { return 0; }
Looking for a Fortran compiler failed with the following output:
-- The Fortran compiler identification is unknown
CMake Error at CMakeLists.txt:2 (project):
  No CMAKE_Fortran_COMPILER could be found.

  Tell CMake where to find the compiler by setting either the environment
  variable "FC" or the CMake cache entry CMAKE_Fortran_COMPILER to the full
  path to the compiler, or to the compiler name if it is in the PATH.


-- Configuring incomplete, errors occurred!
See also "C:/Users/marce/UFRGS/pbd/out/build/x64-Release/lib/Eigen/test/CMakeFiles/CheckFortran/CMakeFiles/CMakeOutput.log".
See also "C:/Users/marce/UFRGS/pbd/out/build/x64-Release/lib/Eigen/test/CMakeFiles/CheckFortran/CMakeFiles/CMakeError.log".

Performing C++ SOURCE FILE Test COMPILER_SUPPORT_FASTMATH failed with the following output:
Change Dir: C:/Users/marce/UFRGS/pbd/out/build/x64-Release/CMakeFiles/CMakeTmp

Run Build Command(s):C:/Program Files/Microsoft Visual Studio/2022/Preview/Common7/IDE/CommonExtensions/Microsoft/CMake/Ninja/ninja.exe cmTC_3412d && [1/2] Building CXX object CMakeFiles\cmTC_3412d.dir\src.cxx.obj
cl : Command line warning D9002 : ignoring unknown option '-ffast-math'
[2/2] Linking CXX executable cmTC_3412d.exe


Source file was:
int main() { return 0; }
Performing C++ SOURCE FILE Test COMPILER_SUPPORT_std=cpp03 failed with the following output:
Change Dir: C:/Users/marce/UFRGS/pbd/out/build/x64-Release/CMakeFiles/CMakeTmp

Run Build Command(s):C:/Program Files/Microsoft Visual Studio/2022/Preview/Common7/IDE/CommonExtensions/Microsoft/CMake/Ninja/ninja.exe cmTC_bc0c9 && [1/2] Building CXX object CMakeFiles\cmTC_bc0c9.dir\src.cxx.obj
cl : Command line warning D9002 : ignoring unknown option '-std=c++03'
[2/2] Linking CXX executable cmTC_bc0c9.exe


Source file was:
int main() { return 0; }
Performing C++ SOURCE FILE Test COMPILER_SUPPORT_std=cpp03 failed with the following output:
Change Dir: C:/Users/marce/UFRGS/pbd/out/build/x64-Release/CMakeFiles/CMakeTmp

Run Build Command(s):C:/Program Files/Microsoft Visual Studio/2022/Preview/Common7/IDE/CommonExtensions/Microsoft/CMake/Ninja/ninja.exe cmTC_50cb3 && [1/2] Building CXX object CMakeFiles\cmTC_50cb3.dir\src.cxx.obj
cl : Command line warning D9002 : ignoring unknown option '-std=c++03'
[2/2] Linking CXX executable cmTC_50cb3.exe


Source file was:
int main() { return 0; }
